/Users/Vladissta/opt/miniconda3/envs/antib_proj/bin/quast.py -o quast_out/ -t 4 contigs.fasta

Version: 5.2.0

System information:
  OS: macOS-12.5.1-x86_64-i386-64bit (macosx)
  Python version: 3.10.6
  CPUs number: 4

Started: 2022-11-18 22:47:33

Logging to /Users/Vladissta/projects/genome_assemble_3/pairend/quast_out/quast.log

CWD: /Users/Vladissta/projects/genome_assemble_3/pairend
Main parameters: 
  MODE: default, threads: 4, min contig length: 500, min alignment length: 65, min alignment IDY: 95.0, \
  ambiguity: one, min local misassembly length: 200, min extensive misassembly length: 1000

Contigs:
  Pre-processing...
  contigs.fasta ==> contigs

2022-11-18 22:47:49
Running Basic statistics processor...
  Contig files: 
    contigs
  Calculating N50 and L50...
    contigs, N50 = 105346, L50 = 15, auN = 127460.6, Total length = 5243173, GC % = 50.53, # N's per 100 kbp =  0.00
  Drawing Nx plot...
    saved to /Users/Vladissta/projects/genome_assemble_3/pairend/quast_out/basic_stats/Nx_plot.pdf
  Drawing cumulative plot...
    saved to /Users/Vladissta/projects/genome_assemble_3/pairend/quast_out/basic_stats/cumulative_plot.pdf
  Drawing GC content plot...
    saved to /Users/Vladissta/projects/genome_assemble_3/pairend/quast_out/basic_stats/GC_content_plot.pdf
  Drawing contigs GC content plot...
    saved to /Users/Vladissta/projects/genome_assemble_3/pairend/quast_out/basic_stats/contigs_GC_content_plot.pdf
  Drawing Coverage histogram (bin size: 1x)...
    saved to /Users/Vladissta/projects/genome_assemble_3/pairend/quast_out/basic_stats/coverage_histogram.pdf
  Drawing contigs coverage histogram (bin size: 1x)...
    saved to /Users/Vladissta/projects/genome_assemble_3/pairend/quast_out/basic_stats/contigs_coverage_histogram.pdf
Done.

NOTICE: Genes are not predicted by default. Use --gene-finding or --glimmer option to enable it.

2022-11-18 22:47:53
Creating large visual summaries...
This may take a while: press Ctrl-C to skip this step..
  1 of 2: Creating PDF with all tables and plots...
  2 of 2: Creating Icarus viewers...
Done

2022-11-18 22:47:54
RESULTS:
  Text versions of total report are saved to /Users/Vladissta/projects/genome_assemble_3/pairend/quast_out/report.txt, report.tsv, and report.tex
  Text versions of transposed total report are saved to /Users/Vladissta/projects/genome_assemble_3/pairend/quast_out/transposed_report.txt, transposed_report.tsv, and transposed_report.tex
  HTML version (interactive tables and plots) is saved to /Users/Vladissta/projects/genome_assemble_3/pairend/quast_out/report.html
  PDF version (tables and plots) is saved to /Users/Vladissta/projects/genome_assemble_3/pairend/quast_out/report.pdf
  Icarus (contig browser) is saved to /Users/Vladissta/projects/genome_assemble_3/pairend/quast_out/icarus.html
  Log is saved to /Users/Vladissta/projects/genome_assemble_3/pairend/quast_out/quast.log

Finished: 2022-11-18 22:47:54
Elapsed time: 0:00:20.972082
NOTICEs: 1; WARNINGs: 0; non-fatal ERRORs: 0

Thank you for using QUAST!
