/Users/Vladissta/opt/miniconda3/envs/antib_proj/bin/quast.py -o quast_contigs_full_res/ -t 4 SPAdes_full_assembly/contigs.fasta

Version: 5.2.0

System information:
  OS: macOS-12.5.1-x86_64-i386-64bit (macosx)
  Python version: 3.10.6
  CPUs number: 4

Started: 2022-11-18 23:31:24

Logging to /Users/Vladissta/projects/genome_assemble_3/quast_contigs_full_res/quast.log

CWD: /Users/Vladissta/projects/genome_assemble_3
Main parameters: 
  MODE: default, threads: 4, min contig length: 500, min alignment length: 65, min alignment IDY: 95.0, \
  ambiguity: one, min local misassembly length: 200, min extensive misassembly length: 1000

Contigs:
  Pre-processing...
  SPAdes_full_assembly/contigs.fasta ==> contigs

2022-11-18 23:31:28
Running Basic statistics processor...
  Contig files: 
    contigs
  Calculating N50 and L50...
    contigs, N50 = 335515, L50 = 6, auN = 319603.4, Total length = 5350156, GC % = 50.59, # N's per 100 kbp =  0.00
  Drawing Nx plot...
    saved to /Users/Vladissta/projects/genome_assemble_3/quast_contigs_full_res/basic_stats/Nx_plot.pdf
  Drawing cumulative plot...
    saved to /Users/Vladissta/projects/genome_assemble_3/quast_contigs_full_res/basic_stats/cumulative_plot.pdf
  Drawing GC content plot...
    saved to /Users/Vladissta/projects/genome_assemble_3/quast_contigs_full_res/basic_stats/GC_content_plot.pdf
  Drawing contigs GC content plot...
    saved to /Users/Vladissta/projects/genome_assemble_3/quast_contigs_full_res/basic_stats/contigs_GC_content_plot.pdf
  Drawing Coverage histogram (bin size: 3x)...
    saved to /Users/Vladissta/projects/genome_assemble_3/quast_contigs_full_res/basic_stats/coverage_histogram.pdf
  Drawing contigs coverage histogram (bin size: 3x)...
    saved to /Users/Vladissta/projects/genome_assemble_3/quast_contigs_full_res/basic_stats/contigs_coverage_histogram.pdf
Done.

NOTICE: Genes are not predicted by default. Use --gene-finding or --glimmer option to enable it.

2022-11-18 23:31:31
Creating large visual summaries...
This may take a while: press Ctrl-C to skip this step..
  1 of 2: Creating PDF with all tables and plots...
  2 of 2: Creating Icarus viewers...
Done

2022-11-18 23:31:33
RESULTS:
  Text versions of total report are saved to /Users/Vladissta/projects/genome_assemble_3/quast_contigs_full_res/report.txt, report.tsv, and report.tex
  Text versions of transposed total report are saved to /Users/Vladissta/projects/genome_assemble_3/quast_contigs_full_res/transposed_report.txt, transposed_report.tsv, and transposed_report.tex
  HTML version (interactive tables and plots) is saved to /Users/Vladissta/projects/genome_assemble_3/quast_contigs_full_res/report.html
  PDF version (tables and plots) is saved to /Users/Vladissta/projects/genome_assemble_3/quast_contigs_full_res/report.pdf
  Icarus (contig browser) is saved to /Users/Vladissta/projects/genome_assemble_3/quast_contigs_full_res/icarus.html
  Log is saved to /Users/Vladissta/projects/genome_assemble_3/quast_contigs_full_res/quast.log

Finished: 2022-11-18 23:31:33
Elapsed time: 0:00:08.944248
NOTICEs: 1; WARNINGs: 0; non-fatal ERRORs: 0

Thank you for using QUAST!
